{"C:\\Angular Projects\\JestTesting\\JestAngular\\src\\app\\data\\data.component.html": {"path":"C:\\Angular Projects\\JestTesting\\JestAngular\\src\\app\\data\\data.component.html","statementMap":{"0":{"start":{"line":1,"column":0},"end":{"line":1,"column":37}}},"fnMap":{},"branchMap":{},"s":{"0":1},"f":{},"b":{},"_coverageSchema":"1a1c01bbd47fc00a2c39e90264f33305004495a9","hash":"0b26a21608985e353e01041e1bec8599658135cd"}
,"C:\\Angular Projects\\JestTesting\\JestAngular\\src\\app\\data\\data.component.ts": {"path":"C:\\Angular Projects\\JestTesting\\JestAngular\\src\\app\\data\\data.component.ts","statementMap":{"0":{"start":{"line":1,"column":0},"end":{"line":1,"column":42}},"1":{"start":{"line":2,"column":0},"end":{"line":2,"column":55}},"2":{"start":{"line":13,"column":22},"end":{"line":13,"column":47}},"3":{"start":{"line":16,"column":4},"end":{"line":16,"column":26}},"4":{"start":{"line":20,"column":4},"end":{"line":32,"column":7}},"5":{"start":{"line":22,"column":9},"end":{"line":22,"column":33}},"6":{"start":{"line":23,"column":9},"end":{"line":23,"column":29}},"7":{"start":{"line":26,"column":9},"end":{"line":26,"column":44}},"8":{"start":{"line":29,"column":7},"end":{"line":29,"column":31}},"9":{"start":{"line":36,"column":4},"end":{"line":42,"column":null}},"10":{"start":{"line":37,"column":6},"end":{"line":37,"column":38}},"11":{"start":{"line":38,"column":10},"end":{"line":42,"column":null}},"12":{"start":{"line":39,"column":6},"end":{"line":39,"column":34}},"13":{"start":{"line":41,"column":6},"end":{"line":41,"column":38}},"14":{"start":{"line":9,"column":13},"end":{"line":45,"column":null}}},"fnMap":{"0":{"name":"(anonymous_0)","decl":{"start":{"line":13,"column":2},"end":{"line":13,"column":22}},"loc":{"start":{"line":13,"column":47},"end":{"line":13,"column":50}}},"1":{"name":"(anonymous_1)","decl":{"start":{"line":15,"column":2},"end":{"line":15,"column":10}},"loc":{"start":{"line":15,"column":10},"end":{"line":17,"column":3}}},"2":{"name":"(anonymous_2)","decl":{"start":{"line":19,"column":2},"end":{"line":19,"column":16}},"loc":{"start":{"line":19,"column":16},"end":{"line":33,"column":3}}},"3":{"name":"(anonymous_3)","decl":{"start":{"line":21,"column":12},"end":{"line":21,"column":13}},"loc":{"start":{"line":21,"column":24},"end":{"line":24,"column":7}}},"4":{"name":"(anonymous_4)","decl":{"start":{"line":25,"column":13},"end":{"line":25,"column":14}},"loc":{"start":{"line":25,"column":24},"end":{"line":27,"column":7}}},"5":{"name":"(anonymous_5)","decl":{"start":{"line":28,"column":16},"end":{"line":28,"column":18}},"loc":{"start":{"line":28,"column":20},"end":{"line":31,"column":7}}},"6":{"name":"(anonymous_6)","decl":{"start":{"line":35,"column":2},"end":{"line":35,"column":14}},"loc":{"start":{"line":35,"column":14},"end":{"line":43,"column":3}}}},"branchMap":{"0":{"loc":{"start":{"line":36,"column":4},"end":{"line":42,"column":null}},"type":"if","locations":[{"start":{"line":36,"column":4},"end":{"line":42,"column":null}},{"start":{"line":38,"column":10},"end":{"line":42,"column":null}}]},"1":{"loc":{"start":{"line":38,"column":10},"end":{"line":42,"column":null}},"type":"if","locations":[{"start":{"line":38,"column":10},"end":{"line":42,"column":null}},{"start":{"line":40,"column":9},"end":{"line":42,"column":null}}]}},"s":{"0":1,"1":1,"2":6,"3":4,"4":5,"5":4,"6":4,"7":1,"8":4,"9":4,"10":1,"11":3,"12":1,"13":2,"14":1},"f":{"0":6,"1":4,"2":5,"3":4,"4":1,"5":4,"6":4},"b":{"0":[1,3],"1":[1,2]}}
,"C:\\Angular Projects\\JestTesting\\JestAngular\\src\\app\\services\\fake.service.ts": {"path":"C:\\Angular Projects\\JestTesting\\JestAngular\\src\\app\\services\\fake.service.ts","statementMap":{"0":{"start":{"line":1,"column":0},"end":{"line":1,"column":82}},"1":{"start":{"line":2,"column":0},"end":{"line":2,"column":43}},"2":{"start":{"line":3,"column":0},"end":{"line":3,"column":51}},"3":{"start":{"line":10,"column":31},"end":{"line":10,"column":46}},"4":{"start":{"line":14,"column":16},"end":{"line":14,"column":62}},"5":{"start":{"line":15,"column":4},"end":{"line":15,"column":30}},"6":{"start":{"line":19,"column":16},"end":{"line":19,"column":62}},"7":{"start":{"line":21,"column":4},"end":{"line":26,"column":6}},"8":{"start":{"line":23,"column":8},"end":{"line":23,"column":41}},"9":{"start":{"line":30,"column":6},"end":{"line":34,"column":null}},"10":{"start":{"line":31,"column":8},"end":{"line":31,"column":29}},"11":{"start":{"line":32,"column":24},"end":{"line":32,"column":89}},"12":{"start":{"line":33,"column":8},"end":{"line":33,"column":59}},"13":{"start":{"line":38,"column":16},"end":{"line":38,"column":62}},"14":{"start":{"line":39,"column":24},"end":{"line":41,"column":null}},"15":{"start":{"line":42,"column":4},"end":{"line":42,"column":49}},"16":{"start":{"line":8,"column":13},"end":{"line":44,"column":null}}},"fnMap":{"0":{"name":"(anonymous_0)","decl":{"start":{"line":10,"column":2},"end":{"line":10,"column":31}},"loc":{"start":{"line":10,"column":46},"end":{"line":10,"column":51}}},"1":{"name":"(anonymous_1)","decl":{"start":{"line":13,"column":2},"end":{"line":13,"column":10}},"loc":{"start":{"line":13,"column":10},"end":{"line":16,"column":3}}},"2":{"name":"(anonymous_2)","decl":{"start":{"line":18,"column":2},"end":{"line":18,"column":10}},"loc":{"start":{"line":18,"column":10},"end":{"line":27,"column":3}}},"3":{"name":"(anonymous_3)","decl":{"start":{"line":22,"column":10},"end":{"line":22,"column":11}},"loc":{"start":{"line":22,"column":22},"end":{"line":24,"column":7}}},"4":{"name":"(anonymous_4)","decl":{"start":{"line":29,"column":10},"end":{"line":29,"column":21}},"loc":{"start":{"line":29,"column":48},"end":{"line":35,"column":3}}},"5":{"name":"(anonymous_5)","decl":{"start":{"line":30,"column":13},"end":{"line":30,"column":14}},"loc":{"start":{"line":30,"column":57},"end":{"line":34,"column":7}}},"6":{"name":"(anonymous_6)","decl":{"start":{"line":37,"column":2},"end":{"line":37,"column":11}},"loc":{"start":{"line":37,"column":20},"end":{"line":43,"column":3}}}},"branchMap":{"0":{"loc":{"start":{"line":29,"column":25},"end":{"line":29,"column":48}},"type":"default-arg","locations":[{"start":{"line":29,"column":37},"end":{"line":29,"column":48}}]}},"s":{"0":1,"1":1,"2":1,"3":0,"4":0,"5":0,"6":0,"7":0,"8":0,"9":0,"10":0,"11":0,"12":0,"13":0,"14":0,"15":0,"16":1},"f":{"0":0,"1":0,"2":0,"3":0,"4":0,"5":0,"6":0},"b":{"0":[0]}}
}
