TN:
SF:src\app\data\data.component.html
FNF:0
FNH:0
DA:1,1
LF:1
LH:1
BRF:0
BRH:0
end_of_record
TN:
SF:src\app\data\data.component.ts
FN:13,(anonymous_0)
FN:15,(anonymous_1)
FN:19,(anonymous_2)
FN:21,(anonymous_3)
FN:25,(anonymous_4)
FN:28,(anonymous_5)
FN:35,(anonymous_6)
FNF:7
FNH:7
FNDA:6,(anonymous_0)
FNDA:4,(anonymous_1)
FNDA:5,(anonymous_2)
FNDA:4,(anonymous_3)
FNDA:1,(anonymous_4)
FNDA:4,(anonymous_5)
FNDA:4,(anonymous_6)
DA:1,1
DA:2,1
DA:9,1
DA:13,6
DA:16,4
DA:20,5
DA:22,4
DA:23,4
DA:26,1
DA:29,4
DA:36,4
DA:37,1
DA:38,3
DA:39,1
DA:41,2
LF:15
LH:15
BRDA:36,0,0,1
BRDA:36,0,1,3
BRDA:38,1,0,1
BRDA:38,1,1,2
BRF:4
BRH:4
end_of_record
TN:
SF:src\app\services\fake.service.ts
FN:10,(anonymous_0)
FN:13,(anonymous_1)
FN:18,(anonymous_2)
FN:22,(anonymous_3)
FN:29,(anonymous_4)
FN:30,(anonymous_5)
FN:37,(anonymous_6)
FNF:7
FNH:0
FNDA:0,(anonymous_0)
FNDA:0,(anonymous_1)
FNDA:0,(anonymous_2)
FNDA:0,(anonymous_3)
FNDA:0,(anonymous_4)
FNDA:0,(anonymous_5)
FNDA:0,(anonymous_6)
DA:1,1
DA:2,1
DA:3,1
DA:8,1
DA:10,0
DA:14,0
DA:15,0
DA:19,0
DA:21,0
DA:23,0
DA:30,0
DA:31,0
DA:32,0
DA:33,0
DA:38,0
DA:39,0
DA:42,0
LF:17
LH:4
BRDA:29,0,0,0
BRF:1
BRH:0
end_of_record
